<?xml version="1.0" encoding="UTF-8"?>
<testsuite name="BoardTest" tests="4" skipped="0" failures="0" errors="0" timestamp="2019-06-07T15:50:44" hostname="Charless-MacBook-Pro.local" time="0.009">
  <properties/>
  <testcase name="itLetsPlayerXMakeAMove" classname="BoardTest" time="0.007"/>
  <testcase name="canICreateBoard" classname="BoardTest" time="0.001"/>
  <testcase name="itLetsPlayerOMakeAMove" classname="BoardTest" time="0.0"/>
  <testcase name="playersCanEachMakeAMove" classname="BoardTest" time="0.0"/>
  <system-out><![CDATA[]]></system-out>
  <system-err><![CDATA[]]></system-err>
</testsuite>
