<?xml version="1.0" encoding="UTF-8"?>
<testsuite name="GameTest" tests="4" skipped="0" failures="0" errors="0" timestamp="2019-06-07T16:49:34" hostname="Charless-MacBook-Pro.local" time="0.006">
  <properties/>
  <testcase name="turnTakenBoardMarked" classname="GameTest" time="0.004"/>
  <testcase name="itSwitchesToTheNextPlayer" classname="GameTest" time="0.0"/>
  <testcase name="itStartsOffWithPlayerX" classname="GameTest" time="0.0"/>
  <testcase name="itTakesMultipleTurns" classname="GameTest" time="0.0"/>
  <system-out><![CDATA[]]></system-out>
  <system-err><![CDATA[]]></system-err>
</testsuite>
