<?xml version="1.0" encoding="UTF-8"?>
<testsuite name="RulesTest" tests="1" skipped="0" failures="0" errors="0" timestamp="2019-06-14T15:26:30" hostname="Charless-MacBook-Pro.local" time="0.004">
  <properties/>
  <testcase name="testPlayerConversion" classname="RulesTest" time="0.004"/>
  <system-out><![CDATA[]]></system-out>
  <system-err><![CDATA[]]></system-err>
</testsuite>
