<?xml version="1.0" encoding="UTF-8"?>
<testsuite name="RulesTest" tests="1" skipped="0" failures="0" errors="0" timestamp="2019-06-13T21:41:02" hostname="Charless-MacBook-Pro.local" time="0.006">
  <properties/>
  <testcase name="playerConversion" classname="RulesTest" time="0.006"/>
  <system-out><![CDATA[]]></system-out>
  <system-err><![CDATA[]]></system-err>
</testsuite>
